<?xml version="1.0" encoding="UTF-8"?>
<testng-results ignored="0" total="2" passed="2" failed="0" skipped="0">
  <reporter-output>
  </reporter-output>
  <suite started-at="2025-03-15T10:00:51 IST" name="Suite" finished-at="2025-03-15T10:00:51 IST" duration-ms="140">
    <groups>
      <group name="regression">
        <method signature="HariTest.potterTest()[pri:0, instance:harivardhan.HariTest@3a7442c7]" name="potterTest" class="harivardhan.HariTest"/>
        <method signature="VardhanTest.subTest()[pri:0, instance:harivardhan.VardhanTest@7ef82753]" name="subTest" class="harivardhan.VardhanTest"/>
      </group> <!-- regression -->
    </groups>
    <test started-at="2025-03-15T10:00:51 IST" name="Test" finished-at="2025-03-15T10:00:51 IST" duration-ms="140">
      <class name="harivardhan.HariTest">
        <test-method signature="potterTest()[pri:0, instance:harivardhan.HariTest@3a7442c7]" started-at="2025-03-15T10:00:51 IST" name="potterTest" finished-at="2025-03-15T10:00:51 IST" duration-ms="3" status="PASS">
          <reporter-output>
          </reporter-output>
        </test-method> <!-- potterTest -->
      </class> <!-- harivardhan.HariTest -->
      <class name="harivardhan.VardhanTest">
        <test-method signature="subTest()[pri:0, instance:harivardhan.VardhanTest@7ef82753]" started-at="2025-03-15T10:00:51 IST" name="subTest" finished-at="2025-03-15T10:00:51 IST" duration-ms="16" status="PASS">
          <reporter-output>
          </reporter-output>
        </test-method> <!-- subTest -->
      </class> <!-- harivardhan.VardhanTest -->
    </test> <!-- Test -->
  </suite> <!-- Suite -->
</testng-results>
