<?xml version="1.0" encoding="UTF-8"?>
<!-- Generated by org.testng.reporters.JUnitXMLReporter -->
<testsuite ignored="2" hostname="DESKTOP-L6OGJNQ" failures="0" tests="2" name="Test" time="0.14" errors="0" timestamp="2025-03-15T10:00:51 IST">
  <testcase classname="harivardhan.VardhanTest" name="subTest" time="0.016"/>
  <testcase classname="harivardhan.HariTest" name="potterTest" time="0.003"/>
  <testcase classname="harivardhan.HariTest" name="harryTest" time="0.0">
    <ignored/>
  </testcase> <!-- harryTest -->
  <testcase classname="harivardhan.VardhanTest" name="additionTest" time="0.0">
    <ignored/>
  </testcase> <!-- additionTest -->
</testsuite> <!-- Test -->
